# JRE version: Java(TM) SE Runtime Environment (8.0_251-b08) (build 1.8.0_251-b08)
# Java VM: Java HotSpot(TM) 64-Bit Server VM (25.251-b08 mixed mode windows-amd64 compressed oops)
Heap:
 PSYoungGen      total 111104K, used 86351K [0x00000000f5580000, 0x00000000fcf80000, 0x0000000100000000)
  eden space 97792K, 88% used [0x00000000f5580000,0x00000000fa9d3c08,0x00000000fb500000)
  from space 13312K, 0% used [0x00000000fb500000,0x00000000fb500000,0x00000000fc200000)
  to   space 12800K, 0% used [0x00000000fc200000,0x00000000fc200000,0x00000000fce80000)
 ParOldGen       total 175104K, used 15372K [0x00000000e0000000, 0x00000000eab00000, 0x00000000f5580000)
  object space 175104K, 8% used [0x00000000e0000000,0x00000000e0f03058,0x00000000eab00000)
 Metaspace       used 38395K, capacity 40138K, committed 40192K, reserved 1083392K
  class space    used 5466K, capacity 5851K, committed 5888K, reserved 1048576K
GC Heap History (10 events):
Event: 7.581 GC heap before
{Heap before GC invocations=5 (full 1):
 PSYoungGen      total 76288K, used 10137K [0x00000000f5580000, 0x00000000faa80000, 0x0000000100000000)
  eden space 65536K, 0% used [0x00000000f5580000,0x00000000f5580000,0x00000000f9580000)
  from space 10752K, 94% used [0x00000000fa000000,0x00000000fa9e6670,0x00000000faa80000)
  to   space 10752K, 0% used [0x00000000f9580000,0x00000000f9580000,0x00000000fa000000)
 ParOldGen       total 175104K, used 32K [0x00000000e0000000, 0x00000000eab00000, 0x00000000f5580000)
  object space 175104K, 0% used [0x00000000e0000000,0x00000000e0008000,0x00000000eab00000)
 Metaspace       used 20456K, capacity 21200K, committed 21296K, reserved 1067008K
  class space    used 3006K, capacity 3196K, committed 3200K, reserved 1048576K
Event: 7.643 GC heap after
Heap after GC invocations=5 (full 1):
 PSYoungGen      total 76288K, used 0K [0x00000000f5580000, 0x00000000faa80000, 0x0000000100000000)
  eden space 65536K, 0% used [0x00000000f5580000,0x00000000f5580000,0x00000000f9580000)
  from space 10752K, 0% used [0x00000000fa000000,0x00000000fa000000,0x00000000faa80000)
  to   space 10752K, 0% used [0x00000000f9580000,0x00000000f9580000,0x00000000fa000000)
 ParOldGen       total 175104K, used 9903K [0x00000000e0000000, 0x00000000eab00000, 0x00000000f5580000)
  object space 175104K, 5% used [0x00000000e0000000,0x00000000e09abd68,0x00000000eab00000)
 Metaspace       used 20456K, capacity 21200K, committed 21296K, reserved 1067008K
  class space    used 3006K, capacity 3196K, committed 3200K, reserved 1048576K
}
Event: 9.413 GC heap before
{Heap before GC invocations=6 (full 1):
 PSYoungGen      total 76288K, used 65536K [0x00000000f5580000, 0x00000000faa80000, 0x0000000100000000)
  eden space 65536K, 100% used [0x00000000f5580000,0x00000000f9580000,0x00000000f9580000)
  from space 10752K, 0% used [0x00000000fa000000,0x00000000fa000000,0x00000000faa80000)
  to   space 10752K, 0% used [0x00000000f9580000,0x00000000f9580000,0x00000000fa000000)
 ParOldGen       total 175104K, used 9903K [0x00000000e0000000, 0x00000000eab00000, 0x00000000f5580000)
  object space 175104K, 5% used [0x00000000e0000000,0x00000000e09abd68,0x00000000eab00000)
 Metaspace       used 24423K, capacity 25362K, committed 25472K, reserved 1071104K
  class space    used 3663K, capacity 3903K, committed 3968K, reserved 1048576K
Event: 9.418 GC heap after
Heap after GC invocations=6 (full 1):
 PSYoungGen      total 76288K, used 4983K [0x00000000f5580000, 0x00000000fce80000, 0x0000000100000000)
  eden space 65536K, 0% used [0x00000000f5580000,0x00000000f5580000,0x00000000f9580000)
  from space 10752K, 46% used [0x00000000f9580000,0x00000000f9a5df30,0x00000000fa000000)
  to   space 12800K, 0% used [0x00000000fc200000,0x00000000fc200000,0x00000000fce80000)
 ParOldGen       total 175104K, used 9911K [0x00000000e0000000, 0x00000000eab00000, 0x00000000f5580000)
  object space 175104K, 5% used [0x00000000e0000000,0x00000000e09add68,0x00000000eab00000)
 Metaspace       used 24423K, capacity 25362K, committed 25472K, reserved 1071104K
  class space    used 3663K, capacity 3903K, committed 3968K, reserved 1048576K
}
Event: 12.352 GC heap before
{Heap before GC invocations=7 (full 1):
 PSYoungGen      total 76288K, used 70519K [0x00000000f5580000, 0x00000000fce80000, 0x0000000100000000)
  eden space 65536K, 100% used [0x00000000f5580000,0x00000000f9580000,0x00000000f9580000)
  from space 10752K, 46% used [0x00000000f9580000,0x00000000f9a5df30,0x00000000fa000000)
  to   space 12800K, 0% used [0x00000000fc200000,0x00000000fc200000,0x00000000fce80000)
 ParOldGen       total 175104K, used 9911K [0x00000000e0000000, 0x00000000eab00000, 0x00000000f5580000)
  object space 175104K, 5% used [0x00000000e0000000,0x00000000e09add68,0x00000000eab00000)
 Metaspace       used 32549K, capacity 33930K, committed 34176K, reserved 1079296K
  class space    used 4619K, capacity 4939K, committed 4992K, reserved 1048576K
Event: 12.376 GC heap after
Heap after GC invocations=7 (full 1):
 PSYoungGen      total 110592K, used 10183K [0x00000000f5580000, 0x00000000fcf80000, 0x0000000100000000)
  eden space 97792K, 0% used [0x00000000f5580000,0x00000000f5580000,0x00000000fb500000)
  from space 12800K, 79% used [0x00000000fc200000,0x00000000fcbf1f00,0x00000000fce80000)
  to   space 13312K, 0% used [0x00000000fb500000,0x00000000fb500000,0x00000000fc200000)
 ParOldGen       total 175104K, used 9919K [0x00000000e0000000, 0x00000000eab00000, 0x00000000f5580000)
  object space 175104K, 5% used [0x00000000e0000000,0x00000000e09afd68,0x00000000eab00000)
 Metaspace       used 32549K, capacity 33930K, committed 34176K, reserved 1079296K
  class space    used 4619K, capacity 4939K, committed 4992K, reserved 1048576K
}
Event: 12.893 GC heap before
{Heap before GC invocations=8 (full 1):
 PSYoungGen      total 110592K, used 34388K [0x00000000f5580000, 0x00000000fcf80000, 0x0000000100000000)
  eden space 97792K, 24% used [0x00000000f5580000,0x00000000f6d23148,0x00000000fb500000)
  from space 12800K, 79% used [0x00000000fc200000,0x00000000fcbf1f00,0x00000000fce80000)
  to   space 13312K, 0% used [0x00000000fb500000,0x00000000fb500000,0x00000000fc200000)
 ParOldGen       total 175104K, used 9919K [0x00000000e0000000, 0x00000000eab00000, 0x00000000f5580000)
  object space 175104K, 5% used [0x00000000e0000000,0x00000000e09afd68,0x00000000eab00000)
 Metaspace       used 33954K, capacity 35328K, committed 35456K, reserved 1079296K
  class space    used 4871K, capacity 5178K, committed 5248K, reserved 1048576K
Event: 12.912 GC heap after
Heap after GC invocations=8 (full 1):
 PSYoungGen      total 111104K, used 8040K [0x00000000f5580000, 0x00000000fcf80000, 0x0000000100000000)
  eden space 97792K, 0% used [0x00000000f5580000,0x00000000f5580000,0x00000000fb500000)
  from space 13312K, 60% used [0x00000000fb500000,0x00000000fbcda280,0x00000000fc200000)
  to   space 12800K, 0% used [0x00000000fc200000,0x00000000fc200000,0x00000000fce80000)
 ParOldGen       total 175104K, used 9927K [0x00000000e0000000, 0x00000000eab00000, 0x00000000f5580000)
  object space 175104K, 5% used [0x00000000e0000000,0x00000000e09b1d68,0x00000000eab00000)
 Metaspace       used 33954K, capacity 35328K, committed 35456K, reserved 1079296K
  class space    used 4871K, capacity 5178K, committed 5248K, reserved 1048576K
}
Event: 12.912 GC heap before
{Heap before GC invocations=9 (full 2):
 PSYoungGen      total 111104K, used 8040K [0x00000000f5580000, 0x00000000fcf80000, 0x0000000100000000)
  eden space 97792K, 0% used [0x00000000f5580000,0x00000000f5580000,0x00000000fb500000)
  from space 13312K, 60% used [0x00000000fb500000,0x00000000fbcda280,0x00000000fc200000)
  to   space 12800K, 0% used [0x00000000fc200000,0x00000000fc200000,0x00000000fce80000)
 ParOldGen       total 175104K, used 9927K [0x00000000e0000000, 0x00000000eab00000, 0x00000000f5580000)
  object space 175104K, 5% used [0x00000000e0000000,0x00000000e09b1d68,0x00000000eab00000)
 Metaspace       used 33954K, capacity 35328K, committed 35456K, reserved 1079296K
  class space    used 4871K, capacity 5178K, committed 5248K, reserved 1048576K
Event: 12.990 GC heap after
Heap after GC invocations=9 (full 2):
 PSYoungGen      total 111104K, used 0K [0x00000000f5580000, 0x00000000fcf80000, 0x0000000100000000)
  eden space 97792K, 0% used [0x00000000f5580000,0x00000000f5580000,0x00000000fb500000)
  from space 13312K, 0% used [0x00000000fb500000,0x00000000fb500000,0x00000000fc200000)
  to   space 12800K, 0% used [0x00000000fc200000,0x00000000fc200000,0x00000000fce80000)
 ParOldGen       total 175104K, used 15372K [0x00000000e0000000, 0x00000000eab00000, 0x00000000f5580000)
  object space 175104K, 8% used [0x00000000e0000000,0x00000000e0f03058,0x00000000eab00000)
 Metaspace       used 33954K, capacity 35328K, committed 35456K, reserved 1079296K
  class space    used 4871K, capacity 5178K, committed 5248K, reserved 1048576K
}

